<?xml version="1.0" encoding="UTF-8"?>
<!-- Generated by org.testng.reporters.JUnitXMLReporter -->
<testsuite ignored="0" hostname="TYSS-Adarsh" failures="1" tests="2" name="Default test" time="14.13" errors="0" timestamp="2021-12-22T16:05:05 IST">
  <testcase classname="io.cucumber.testng.AbstractTestNGCucumberTests" name="runScenario" time="7.361"/>
  <testcase classname="io.cucumber.testng.AbstractTestNGCucumberTests" name="runScenario" time="6.193">
    <failure type="java.lang.AssertionError" message="expected [    Administrator - Home - vtiger CRM 5 - Commercial Open Source CRM] but found [Administrator - Home - vtiger CRM 5 - Commercial Open Source CRM]">
      <![CDATA[java.lang.AssertionError: expected [    Administrator - Home - vtiger CRM 5 - Commercial Open Source CRM] but found [Administrator - Home - vtiger CRM 5 - Commercial Open Source CRM]
at org.testng.Assert.fail(Assert.java:99)
at org.testng.Assert.failNotEquals(Assert.java:1037)
at org.testng.Assert.assertEqualsImpl(Assert.java:140)
at org.testng.Assert.assertEquals(Assert.java:122)
at org.testng.Assert.assertEquals(Assert.java:629)
at org.testng.Assert.assertEquals(Assert.java:639)
at stepDefinitions.LoginTest.verify_the_title(LoginTest.java:90)
at âœ½.Verify the title "    Administrator - Home - vtiger CRM 5 - Commercial Open Source CRM"(file:///C:/Users/Adarsh%20M/eclipse-workspace/vtigerBDD/./src/test/java/features/Login.feature:17)
]]>
    </failure>
  </testcase> <!-- runScenario -->
</testsuite> <!-- Default test -->
