<?xml version="1.0" encoding="UTF-8"?>
<testng-results ignored="0" total="2" passed="1" failed="1" skipped="0">
  <reporter-output>
  </reporter-output>
  <suite started-at="2021-12-22T16:04:51 IST" name="Default suite" finished-at="2021-12-22T16:05:05 IST" duration-ms="14130">
    <groups>
      <group name="cucumber">
        <method signature="AbstractTestNGCucumberTests.runScenario(io.cucumber.testng.PickleWrapper,io.cucumber.testng.FeatureWrapper)[pri:0, instance:runner.Runner@4b45a2f5]" name="runScenario" class="io.cucumber.testng.AbstractTestNGCucumberTests"/>
      </group> <!-- cucumber -->
    </groups>
    <test started-at="2021-12-22T16:04:51 IST" name="Default test" finished-at="2021-12-22T16:05:05 IST" duration-ms="14130">
      <class name="runner.Runner">
        <test-method is-config="true" signature="setUpClass(org.testng.ITestContext)[pri:0, instance:runner.Runner@4b45a2f5]" started-at="2021-12-22T16:04:51 IST" name="setUpClass" finished-at="2021-12-22T16:04:52 IST" duration-ms="431" status="PASS">
          <params>
            <param index="0">
              <value>
                <![CDATA[org.testng.TestRunner@2f3928ac]]>
              </value>
            </param>
          </params>
          <reporter-output>
          </reporter-output>
        </test-method> <!-- setUpClass -->
        <test-method signature="runScenario(io.cucumber.testng.PickleWrapper,io.cucumber.testng.FeatureWrapper)[pri:0, instance:runner.Runner@4b45a2f5]" started-at="2021-12-22T16:04:52 IST" name="runScenario" description="Runs Cucumber Scenarios" data-provider="scenarios" finished-at="2021-12-22T16:04:59 IST" duration-ms="7361" status="PASS">
          <params>
            <param index="0">
              <value>
                <![CDATA["As a valid user I want to login to vtiger using username and password"]]>
              </value>
            </param>
            <param index="1">
              <value>
                <![CDATA["Optional[User Login feature]"]]>
              </value>
            </param>
          </params>
          <reporter-output>
          </reporter-output>
        </test-method> <!-- runScenario -->
        <test-method signature="runScenario(io.cucumber.testng.PickleWrapper,io.cucumber.testng.FeatureWrapper)[pri:0, instance:runner.Runner@4b45a2f5]" started-at="2021-12-22T16:04:59 IST" name="runScenario" description="Runs Cucumber Scenarios" data-provider="scenarios" finished-at="2021-12-22T16:05:05 IST" duration-ms="6193" status="FAIL">
          <params>
            <param index="0">
              <value>
                <![CDATA["As valid user i want login to app using valid username and password"]]>
              </value>
            </param>
            <param index="1">
              <value>
                <![CDATA["Optional[User Login feature]"]]>
              </value>
            </param>
          </params>
          <exception class="java.lang.AssertionError">
            <message>
              <![CDATA[expected [    Administrator - Home - vtiger CRM 5 - Commercial Open Source CRM] but found [Administrator - Home - vtiger CRM 5 - Commercial Open Source CRM]]]>
            </message>
            <full-stacktrace>
              <![CDATA[java.lang.AssertionError: expected [    Administrator - Home - vtiger CRM 5 - Commercial Open Source CRM] but found [Administrator - Home - vtiger CRM 5 - Commercial Open Source CRM]
at org.testng.Assert.fail(Assert.java:99)
at org.testng.Assert.failNotEquals(Assert.java:1037)
at org.testng.Assert.assertEqualsImpl(Assert.java:140)
at org.testng.Assert.assertEquals(Assert.java:122)
at org.testng.Assert.assertEquals(Assert.java:629)
at org.testng.Assert.assertEquals(Assert.java:639)
at stepDefinitions.LoginTest.verify_the_title(LoginTest.java:90)
at âœ½.Verify the title "    Administrator - Home - vtiger CRM 5 - Commercial Open Source CRM"(file:///C:/Users/Adarsh%20M/eclipse-workspace/vtigerBDD/./src/test/java/features/Login.feature:17)
]]>
            </full-stacktrace>
          </exception> <!-- java.lang.AssertionError -->
          <reporter-output>
          </reporter-output>
        </test-method> <!-- runScenario -->
        <test-method is-config="true" signature="tearDownClass()[pri:0, instance:runner.Runner@4b45a2f5]" started-at="2021-12-22T16:05:05 IST" name="tearDownClass" finished-at="2021-12-22T16:05:05 IST" duration-ms="108" status="PASS">
          <reporter-output>
          </reporter-output>
        </test-method> <!-- tearDownClass -->
      </class> <!-- runner.Runner -->
    </test> <!-- Default test -->
  </suite> <!-- Default suite -->
</testng-results>
