<?xml version="1.0" encoding="UTF-8"?>
<!-- Generated by org.testng.reporters.JUnitReportReporter -->
<testsuite hostname="TYSS-Adarsh" failures="1" tests="2" name="runner.Runner" time="13.554" errors="0" timestamp="2021-12-22T16:05:05 IST" skipped="0">
  <testcase classname="runner.Runner" name="runScenario" time="7.361"/>
  <system-out/>
  <testcase classname="runner.Runner" name="runScenario" time="6.193">
    <failure message="expected [    Administrator - Home - vtiger CRM 5 - Commercial Open Source CRM] but found [Administrator - Home - vtiger CRM 5 - Commercial Open Source CRM]" type="java.lang.AssertionError">
      <![CDATA[java.lang.AssertionError: expected [    Administrator - Home - vtiger CRM 5 - Commercial Open Source CRM] but found [Administrator - Home - vtiger CRM 5 - Commercial Open Source CRM]
at org.testng.Assert.fail(Assert.java:99)
at org.testng.Assert.failNotEquals(Assert.java:1037)
at org.testng.Assert.assertEqualsImpl(Assert.java:140)
at org.testng.Assert.assertEquals(Assert.java:122)
at org.testng.Assert.assertEquals(Assert.java:629)
at org.testng.Assert.assertEquals(Assert.java:639)
at stepDefinitions.LoginTest.verify_the_title(LoginTest.java:90)
at âœ½.Verify the title "    Administrator - Home - vtiger CRM 5 - Commercial Open Source CRM"(file:///C:/Users/Adarsh%20M/eclipse-workspace/vtigerBDD/./src/test/java/features/Login.feature:17)
]]>
    </failure>
  </testcase> <!-- runScenario -->
  <system-out/>
</testsuite> <!-- runner.Runner -->
